<?xml version="1.0" encoding="UTF-8"?>
<testng-results ignored="0" total="2" passed="2" failed="0" skipped="0">
  <reporter-output>
  </reporter-output>
  <suite started-at="2023-03-01T16:43:17 IST" name="Suite" finished-at="2023-03-01T16:43:55 IST" duration-ms="37899">
    <groups>
    </groups>
    <test started-at="2023-03-01T16:43:17 IST" name="Test" finished-at="2023-03-01T16:43:55 IST" duration-ms="37899">
      <class name="abc.JavaTodo">
        <test-method signature="testWin10()[pri:0, instance:abc.JavaTodo@3d36e4cd]" started-at="2023-03-01T16:43:17 IST" name="testWin10" finished-at="2023-03-01T16:43:36 IST" duration-ms="18097" status="PASS">
          <reporter-output>
          </reporter-output>
        </test-method> <!-- testWin10 -->
        <test-method signature="testWin11()[pri:0, instance:abc.JavaTodo@3d36e4cd]" started-at="2023-03-01T16:43:36 IST" name="testWin11" finished-at="2023-03-01T16:43:55 IST" duration-ms="19704" status="PASS">
          <reporter-output>
          </reporter-output>
        </test-method> <!-- testWin11 -->
      </class> <!-- abc.JavaTodo -->
    </test> <!-- Test -->
  </suite> <!-- Suite -->
</testng-results>
